<?xml version="1.0" encoding="UTF-8"?>
<testng-results skipped="0" failed="0" ignored="0" total="1" passed="1">
  <reporter-output>
    <line>
      <![CDATA[=====Browser Session Started=====]]>
    </line>
  </reporter-output>
  <suite name="Automation Test Suite" duration-ms="23858" started-at="2021-09-29T21:08:29 EDT" finished-at="2021-09-29T21:08:53 EDT">
    <groups>
      <group name="cucumber">
        <method signature="AbstractTestNGCucumberTests.feature(cucumber.api.testng.CucumberFeatureWrapper)[pri:0, instance:com.usa.runner.file.ScenariRunner@4c15e7fd]" name="feature" class="cucumber.api.testng.AbstractTestNGCucumberTests"/>
      </group> <!-- cucumber -->
    </groups>
    <test name="PMCS Login test" duration-ms="23858" started-at="2021-09-29T21:08:29 EDT" finished-at="2021-09-29T21:08:53 EDT">
      <class name="com.usa.runner.file.ScenariRunner">
        <test-method status="PASS" signature="setUpClass()[pri:0, instance:com.usa.runner.file.ScenariRunner@4c15e7fd]" name="setUpClass" is-config="true" duration-ms="291" started-at="2021-09-29T21:08:29 EDT" finished-at="2021-09-29T21:08:30 EDT">
          <reporter-output>
          </reporter-output>
        </test-method> <!-- setUpClass -->
        <test-method status="PASS" signature="feature(cucumber.api.testng.CucumberFeatureWrapper)[pri:0, instance:com.usa.runner.file.ScenariRunner@4c15e7fd]" name="feature" duration-ms="23160" started-at="2021-09-29T21:08:30 EDT" description="Runs Cucumber Feature" data-provider="features" finished-at="2021-09-29T21:08:53 EDT">
          <params>
            <param index="0">
              <value>
                <![CDATA[Login function validation]]>
              </value>
            </param>
          </params>
          <reporter-output>
            <line>
              <![CDATA[=====Browser Session Started=====]]>
            </line>
          </reporter-output>
        </test-method> <!-- feature -->
        <test-method status="PASS" signature="tearDownClass()[pri:0, instance:com.usa.runner.file.ScenariRunner@4c15e7fd]" name="tearDownClass" is-config="true" duration-ms="13" started-at="2021-09-29T21:08:53 EDT" finished-at="2021-09-29T21:08:53 EDT">
          <reporter-output>
          </reporter-output>
        </test-method> <!-- tearDownClass -->
      </class> <!-- com.usa.runner.file.ScenariRunner -->
    </test> <!-- PMCS Login test -->
  </suite> <!-- Automation Test Suite -->
</testng-results>
